
September 20, 2016, 12:42 pm: Some error while includingchinese language file

September 20, 2016, 12:42 pm: Some error while includingchinese language file

September 20, 2016, 12:42 pm: Some error while includingchinese language file

September 20, 2016, 12:42 pm: Some error while includingchinese language file

September 20, 2016, 12:42 pm: main.php  loaded

September 20, 2016, 12:42 pm: Some error while includingchinese language file

September 20, 2016, 12:42 pm: Some error while includingchinese language file

September 20, 2016, 12:42 pm: Incorrect Query :  SELECT DISTINCT username,userid
                      FROM techofficeuser_info
                      WHERE userid=?
                      LIMIT 1 
 session id:  1
 PDO error: Array
(
    [0] => 00000
    [1] => 
    [2] => 
)


September 20, 2016, 12:42 pm: Some error while includingchinese language file

September 20, 2016, 12:42 pm: Some error while includingchinese language file

September 20, 2016, 12:42 pm: Some error while includingchinese language file

September 20, 2016, 12:42 pm: Some error while includingchinese language file

September 20, 2016, 12:42 pm: Some error while includingchinese language file

September 20, 2016, 12:42 pm: Some error while includingchinese language file

September 20, 2016, 12:42 pm: Some error while includingchinese language file

September 20, 2016, 12:42 pm: Some error while includingchinese language file

September 20, 2016, 12:42 pm: Some error while includingchinese language file

September 20, 2016, 12:42 pm: Some error while includingchinese language file

September 20, 2016, 12:42 pm: Some error while includingchinese language file

September 20, 2016, 12:42 pm: main.php  loaded

September 20, 2016, 12:42 pm: Some error while includingchinese language file

September 20, 2016, 12:42 pm: Incorrect Query :  SELECT DISTINCT username,userid
                      FROM techofficeuser_info
                      WHERE userid=?
                      LIMIT 1 
 session id:  1
 PDO error: Array
(
    [0] => 00000
    [1] => 
    [2] => 
)


September 20, 2016, 12:42 pm: Some error while includingchinese language file

September 20, 2016, 12:42 pm: Some error while includingchinese language file

September 20, 2016, 12:42 pm: Incorrect Query :  SELECT DISTINCT username,userid
                      FROM techofficeuser_info
                      WHERE userid=?
                      LIMIT 1 
 session id:  4
 PDO error: Array
(
    [0] => 00000
    [1] => 
    [2] => 
)


September 20, 2016, 12:42 pm: Some error while includingchinese language file

September 20, 2016, 12:42 pm: Some error while includingchinese language file

September 20, 2016, 12:42 pm: Some error while includingchinese language file

September 20, 2016, 12:42 pm: Some error while includingchinese language file

September 20, 2016, 12:42 pm: Some error while includingchinese language file

September 20, 2016, 12:42 pm: Some error while includingchinese language file

September 20, 2016, 12:42 pm: Incorrect Query :  SELECT DISTINCT username,userid
                      FROM techofficeuser_info
                      WHERE userid=?
                      LIMIT 1 
 session id:  1
 PDO error: Array
(
    [0] => 00000
    [1] => 
    [2] => 
)


September 20, 2016, 12:42 pm: Some error while includingchinese language file

September 20, 2016, 12:42 pm: main.php  loaded

September 20, 2016, 12:42 pm: Incorrect Query :  SELECT DISTINCT username,userid
                      FROM techofficeuser_info
                      WHERE userid=?
                      LIMIT 1 
 session id:  4
 PDO error: Array
(
    [0] => 00000
    [1] => 
    [2] => 
)


September 20, 2016, 12:43 pm: Some error while includingchinese language file

September 20, 2016, 12:43 pm: Some error while includingchinese language file

September 20, 2016, 12:43 pm: Some error while includingchinese language file

September 20, 2016, 12:43 pm: Incorrect Query :  SELECT DISTINCT username,userid
                      FROM techofficeuser_info
                      WHERE userid=?
                      LIMIT 1 
 session id:  1
 PDO error: Array
(
    [0] => 00000
    [1] => 
    [2] => 
)


September 20, 2016, 12:43 pm: Some error while includingchinese language file

September 20, 2016, 12:43 pm: main.php  loaded

September 20, 2016, 12:43 pm: Incorrect Query :  SELECT DISTINCT username,userid
                      FROM techofficeuser_info
                      WHERE userid=?
                      LIMIT 1 
 session id:  4
 PDO error: Array
(
    [0] => 00000
    [1] => 
    [2] => 
)


September 20, 2016, 12:43 pm: Some error while includingchinese language file

September 20, 2016, 12:43 pm: Some error while includingchinese language file

September 20, 2016, 12:43 pm: Some error while includingchinese language file

September 20, 2016, 12:43 pm: Incorrect Query :  SELECT DISTINCT username,userid
                      FROM techofficeuser_info
                      WHERE userid=?
                      LIMIT 1 
 session id:  1
 PDO error: Array
(
    [0] => 00000
    [1] => 
    [2] => 
)


September 20, 2016, 12:43 pm: Some error while includingchinese language file

September 20, 2016, 12:43 pm: Some error while includingchinese language file

September 20, 2016, 12:43 pm: Some error while includingchinese language file

September 20, 2016, 12:43 pm: Incorrect Query :  SELECT DISTINCT username,userid
                      FROM techofficeuser_info
                      WHERE userid=?
                      LIMIT 1 
 session id:  1
 PDO error: Array
(
    [0] => 00000
    [1] => 
    [2] => 
)


September 20, 2016, 12:43 pm: Some error while includingchinese language file

September 20, 2016, 12:43 pm: Some error while includingchinese language file

September 20, 2016, 12:43 pm: Some error while includingchinese language file

September 20, 2016, 12:43 pm: Incorrect Query :  SELECT DISTINCT username,userid
                      FROM techofficeuser_info
                      WHERE userid=?
                      LIMIT 1 
 session id:  1
 PDO error: Array
(
    [0] => 00000
    [1] => 
    [2] => 
)


September 20, 2016, 12:43 pm: Some error while includingchinese language file

September 20, 2016, 12:44 pm: Some error while includingchinese language file

September 20, 2016, 12:44 pm: Some error while includingchinese language file

September 20, 2016, 12:44 pm: Incorrect Query :  SELECT DISTINCT username,userid
                      FROM techofficeuser_info
                      WHERE userid=?
                      LIMIT 1 
 session id:  1
 PDO error: Array
(
    [0] => 00000
    [1] => 
    [2] => 
)


September 20, 2016, 12:44 pm: Some error while includingchinese language file

September 20, 2016, 12:44 pm: Some error while includingchinese language file

September 20, 2016, 12:44 pm: Some error while includingchinese language file

September 20, 2016, 12:44 pm: Incorrect Query :  SELECT DISTINCT username,userid
                      FROM techofficeuser_info
                      WHERE userid=?
                      LIMIT 1 
 session id:  1
 PDO error: Array
(
    [0] => 00000
    [1] => 
    [2] => 
)


September 20, 2016, 12:44 pm: Some error while includingchinese language file

September 20, 2016, 12:44 pm: Some error while includingchinese language file

September 20, 2016, 12:44 pm: Some error while includingchinese language file

September 20, 2016, 12:44 pm: Incorrect Query :  SELECT DISTINCT username,userid
                      FROM techofficeuser_info
                      WHERE userid=?
                      LIMIT 1 
 session id:  1
 PDO error: Array
(
    [0] => 00000
    [1] => 
    [2] => 
)


September 20, 2016, 12:44 pm: Some error while includingchinese language file

September 20, 2016, 12:44 pm: Some error while includingchinese language file

September 20, 2016, 12:44 pm: Some error while includingchinese language file

September 20, 2016, 12:44 pm: Incorrect Query :  SELECT DISTINCT username,userid
                      FROM techofficeuser_info
                      WHERE userid=?
                      LIMIT 1 
 session id:  1
 PDO error: Array
(
    [0] => 00000
    [1] => 
    [2] => 
)


September 20, 2016, 12:44 pm: Some error while includingchinese language file

September 20, 2016, 12:44 pm: Some error while includingchinese language file

September 20, 2016, 12:45 pm: Some error while includingchinese language file

September 20, 2016, 12:45 pm: Incorrect Query :  SELECT DISTINCT username,userid
                      FROM techofficeuser_info
                      WHERE userid=?
                      LIMIT 1 
 session id:  1
 PDO error: Array
(
    [0] => 00000
    [1] => 
    [2] => 
)


September 20, 2016, 12:45 pm: Some error while includingchinese language file

September 20, 2016, 12:45 pm: Some error while includingchinese language file

September 20, 2016, 12:45 pm: Some error while includingchinese language file

September 20, 2016, 12:45 pm: Incorrect Query :  SELECT DISTINCT username,userid
                      FROM techofficeuser_info
                      WHERE userid=?
                      LIMIT 1 
 session id:  1
 PDO error: Array
(
    [0] => 00000
    [1] => 
    [2] => 
)


September 20, 2016, 12:45 pm: Some error while includingchinese language file

September 20, 2016, 12:45 pm: Some error while includingchinese language file

September 20, 2016, 12:45 pm: Some error while includingchinese language file

September 20, 2016, 12:45 pm: Incorrect Query :  SELECT DISTINCT username,userid
                      FROM techofficeuser_info
                      WHERE userid=?
                      LIMIT 1 
 session id:  1
 PDO error: Array
(
    [0] => 00000
    [1] => 
    [2] => 
)


September 20, 2016, 12:45 pm: Some error while includingchinese language file

September 20, 2016, 12:45 pm: Some error while includingchinese language file

September 20, 2016, 12:45 pm: Some error while includingchinese language file

September 20, 2016, 12:45 pm: Incorrect Query :  SELECT DISTINCT username,userid
                      FROM techofficeuser_info
                      WHERE userid=?
                      LIMIT 1 
 session id:  1
 PDO error: Array
(
    [0] => 00000
    [1] => 
    [2] => 
)


September 20, 2016, 12:45 pm: Some error while includingchinese language file

September 20, 2016, 12:45 pm: Some error while includingchinese language file

September 20, 2016, 12:46 pm: Some error while includingchinese language file

September 20, 2016, 12:46 pm: Incorrect Query :  SELECT DISTINCT username,userid
                      FROM techofficeuser_info
                      WHERE userid=?
                      LIMIT 1 
 session id:  1
 PDO error: Array
(
    [0] => 00000
    [1] => 
    [2] => 
)


September 20, 2016, 12:46 pm: Some error while includingchinese language file

September 20, 2016, 12:46 pm: Some error while includingchinese language file

September 20, 2016, 12:46 pm: Some error while includingchinese language file

September 20, 2016, 12:46 pm: Incorrect Query :  SELECT DISTINCT username,userid
                      FROM techofficeuser_info
                      WHERE userid=?
                      LIMIT 1 
 session id:  1
 PDO error: Array
(
    [0] => 00000
    [1] => 
    [2] => 
)


September 20, 2016, 12:46 pm: Some error while includingchinese language file

September 20, 2016, 12:46 pm: Some error while includingchinese language file

September 20, 2016, 12:46 pm: Some error while includingchinese language file

September 20, 2016, 12:46 pm: Incorrect Query :  SELECT DISTINCT username,userid
                      FROM techofficeuser_info
                      WHERE userid=?
                      LIMIT 1 
 session id:  1
 PDO error: Array
(
    [0] => 00000
    [1] => 
    [2] => 
)


September 20, 2016, 12:46 pm: Some error while includingchinese language file

September 20, 2016, 12:46 pm: Some error while includingchinese language file

September 20, 2016, 12:46 pm: Some error while includingchinese language file

September 20, 2016, 12:46 pm: Incorrect Query :  SELECT DISTINCT username,userid
                      FROM techofficeuser_info
                      WHERE userid=?
                      LIMIT 1 
 session id:  1
 PDO error: Array
(
    [0] => 00000
    [1] => 
    [2] => 
)


September 20, 2016, 12:46 pm: Some error while includingchinese language file

September 20, 2016, 12:46 pm: Some error while includingchinese language file

September 20, 2016, 12:47 pm: Some error while includingchinese language file

September 20, 2016, 12:47 pm: Incorrect Query :  SELECT DISTINCT username,userid
                      FROM techofficeuser_info
                      WHERE userid=?
                      LIMIT 1 
 session id:  1
 PDO error: Array
(
    [0] => 00000
    [1] => 
    [2] => 
)


September 20, 2016, 12:47 pm: Some error while includingchinese language file

September 20, 2016, 12:47 pm: Some error while includingchinese language file

September 20, 2016, 12:47 pm: Some error while includingchinese language file

September 20, 2016, 12:47 pm: Incorrect Query :  SELECT DISTINCT username,userid
                      FROM techofficeuser_info
                      WHERE userid=?
                      LIMIT 1 
 session id:  1
 PDO error: Array
(
    [0] => 00000
    [1] => 
    [2] => 
)


September 20, 2016, 12:47 pm: Some error while includingchinese language file

September 20, 2016, 12:47 pm: Some error while includingchinese language file

September 20, 2016, 12:47 pm: Some error while includingchinese language file

September 20, 2016, 12:47 pm: Incorrect Query :  SELECT DISTINCT username,userid
                      FROM techofficeuser_info
                      WHERE userid=?
                      LIMIT 1 
 session id:  1
 PDO error: Array
(
    [0] => 00000
    [1] => 
    [2] => 
)


September 20, 2016, 12:47 pm: Some error while includingchinese language file

September 20, 2016, 12:47 pm: Some error while includingchinese language file

September 20, 2016, 12:47 pm: Some error while includingchinese language file

September 20, 2016, 12:47 pm: Incorrect Query :  SELECT DISTINCT username,userid
                      FROM techofficeuser_info
                      WHERE userid=?
                      LIMIT 1 
 session id:  1
 PDO error: Array
(
    [0] => 00000
    [1] => 
    [2] => 
)


September 20, 2016, 12:47 pm: Some error while includingchinese language file

September 20, 2016, 12:47 pm: Some error while includingchinese language file

September 20, 2016, 12:48 pm: Some error while includingchinese language file

September 20, 2016, 12:48 pm: Incorrect Query :  SELECT DISTINCT username,userid
                      FROM techofficeuser_info
                      WHERE userid=?
                      LIMIT 1 
 session id:  1
 PDO error: Array
(
    [0] => 00000
    [1] => 
    [2] => 
)


September 20, 2016, 12:48 pm: Some error while includingchinese language file

September 20, 2016, 12:48 pm: Some error while includingchinese language file

September 20, 2016, 12:48 pm: Some error while includingchinese language file

September 20, 2016, 12:48 pm: Incorrect Query :  SELECT DISTINCT username,userid
                      FROM techofficeuser_info
                      WHERE userid=?
                      LIMIT 1 
 session id:  1
 PDO error: Array
(
    [0] => 00000
    [1] => 
    [2] => 
)


September 20, 2016, 12:48 pm: Some error while includingchinese language file

September 20, 2016, 12:48 pm: Some error while includingchinese language file

September 20, 2016, 12:48 pm: Some error while includingchinese language file

September 20, 2016, 12:48 pm: Incorrect Query :  SELECT DISTINCT username,userid
                      FROM techofficeuser_info
                      WHERE userid=?
                      LIMIT 1 
 session id:  1
 PDO error: Array
(
    [0] => 00000
    [1] => 
    [2] => 
)


September 20, 2016, 12:48 pm: Some error while includingchinese language file

September 20, 2016, 12:48 pm: Some error while includingchinese language file

September 20, 2016, 12:48 pm: Some error while includingchinese language file

September 20, 2016, 12:48 pm: Incorrect Query :  SELECT DISTINCT username,userid
                      FROM techofficeuser_info
                      WHERE userid=?
                      LIMIT 1 
 session id:  1
 PDO error: Array
(
    [0] => 00000
    [1] => 
    [2] => 
)


September 20, 2016, 12:48 pm: Some error while includingchinese language file

September 20, 2016, 12:48 pm: Some error while includingchinese language file

September 20, 2016, 12:49 pm: Some error while includingchinese language file

September 20, 2016, 12:49 pm: Incorrect Query :  SELECT DISTINCT username,userid
                      FROM techofficeuser_info
                      WHERE userid=?
                      LIMIT 1 
 session id:  1
 PDO error: Array
(
    [0] => 00000
    [1] => 
    [2] => 
)


September 20, 2016, 12:49 pm: Some error while includingchinese language file

September 20, 2016, 12:49 pm: Some error while includingchinese language file

September 20, 2016, 12:49 pm: Some error while includingchinese language file

September 20, 2016, 12:49 pm: Incorrect Query :  SELECT DISTINCT username,userid
                      FROM techofficeuser_info
                      WHERE userid=?
                      LIMIT 1 
 session id:  1
 PDO error: Array
(
    [0] => 00000
    [1] => 
    [2] => 
)


September 20, 2016, 12:49 pm: Some error while includingchinese language file

September 20, 2016, 12:49 pm: Some error while includingchinese language file

September 20, 2016, 12:49 pm: Some error while includingchinese language file

September 20, 2016, 12:49 pm: Incorrect Query :  SELECT DISTINCT username,userid
                      FROM techofficeuser_info
                      WHERE userid=?
                      LIMIT 1 
 session id:  1
 PDO error: Array
(
    [0] => 00000
    [1] => 
    [2] => 
)


September 20, 2016, 12:49 pm: Some error while includingchinese language file

September 20, 2016, 12:49 pm: Some error while includingchinese language file

September 20, 2016, 12:49 pm: Some error while includingchinese language file

September 20, 2016, 12:49 pm: Incorrect Query :  SELECT DISTINCT username,userid
                      FROM techofficeuser_info
                      WHERE userid=?
                      LIMIT 1 
 session id:  1
 PDO error: Array
(
    [0] => 00000
    [1] => 
    [2] => 
)


September 20, 2016, 12:49 pm: Some error while includingchinese language file

September 20, 2016, 12:49 pm: Some error while includingchinese language file

September 20, 2016, 12:50 pm: Some error while includingchinese language file

September 20, 2016, 12:50 pm: Incorrect Query :  SELECT DISTINCT username,userid
                      FROM techofficeuser_info
                      WHERE userid=?
                      LIMIT 1 
 session id:  1
 PDO error: Array
(
    [0] => 00000
    [1] => 
    [2] => 
)


September 20, 2016, 12:50 pm: Some error while includingchinese language file

September 20, 2016, 12:50 pm: Some error while includingchinese language file

September 20, 2016, 12:50 pm: Some error while includingchinese language file

September 20, 2016, 12:50 pm: Incorrect Query :  SELECT DISTINCT username,userid
                      FROM techofficeuser_info
                      WHERE userid=?
                      LIMIT 1 
 session id:  1
 PDO error: Array
(
    [0] => 00000
    [1] => 
    [2] => 
)


September 20, 2016, 12:50 pm: Some error while includingchinese language file

September 20, 2016, 12:50 pm: Some error while includingchinese language file

September 20, 2016, 12:50 pm: Some error while includingchinese language file

September 20, 2016, 12:50 pm: Incorrect Query :  SELECT DISTINCT username,userid
                      FROM techofficeuser_info
                      WHERE userid=?
                      LIMIT 1 
 session id:  1
 PDO error: Array
(
    [0] => 00000
    [1] => 
    [2] => 
)


September 20, 2016, 12:50 pm: Some error while includingchinese language file

September 20, 2016, 12:50 pm: Some error while includingchinese language file

September 20, 2016, 12:50 pm: Some error while includingchinese language file

September 20, 2016, 12:50 pm: Incorrect Query :  SELECT DISTINCT username,userid
                      FROM techofficeuser_info
                      WHERE userid=?
                      LIMIT 1 
 session id:  1
 PDO error: Array
(
    [0] => 00000
    [1] => 
    [2] => 
)


September 20, 2016, 12:50 pm: Some error while includingchinese language file

September 20, 2016, 12:50 pm: Some error while includingchinese language file

September 20, 2016, 12:51 pm: Some error while includingchinese language file

September 20, 2016, 12:51 pm: Incorrect Query :  SELECT DISTINCT username,userid
                      FROM techofficeuser_info
                      WHERE userid=?
                      LIMIT 1 
 session id:  1
 PDO error: Array
(
    [0] => 00000
    [1] => 
    [2] => 
)


September 20, 2016, 12:51 pm: Some error while includingchinese language file

September 20, 2016, 12:51 pm: Some error while includingchinese language file

September 20, 2016, 12:51 pm: Some error while includingchinese language file

September 20, 2016, 12:51 pm: Incorrect Query :  SELECT DISTINCT username,userid
                      FROM techofficeuser_info
                      WHERE userid=?
                      LIMIT 1 
 session id:  1
 PDO error: Array
(
    [0] => 00000
    [1] => 
    [2] => 
)


September 20, 2016, 12:51 pm: Some error while includingchinese language file

September 20, 2016, 12:51 pm: Some error while includingchinese language file

September 20, 2016, 12:51 pm: Some error while includingchinese language file

September 20, 2016, 12:51 pm: Incorrect Query :  SELECT DISTINCT username,userid
                      FROM techofficeuser_info
                      WHERE userid=?
                      LIMIT 1 
 session id:  1
 PDO error: Array
(
    [0] => 00000
    [1] => 
    [2] => 
)


September 20, 2016, 12:51 pm: Some error while includingchinese language file

September 20, 2016, 12:51 pm: Some error while includingchinese language file

September 20, 2016, 12:51 pm: Some error while includingchinese language file

September 20, 2016, 12:51 pm: Incorrect Query :  SELECT DISTINCT username,userid
                      FROM techofficeuser_info
                      WHERE userid=?
                      LIMIT 1 
 session id:  1
 PDO error: Array
(
    [0] => 00000
    [1] => 
    [2] => 
)


September 20, 2016, 12:51 pm: Some error while includingchinese language file

September 20, 2016, 12:51 pm: Some error while includingchinese language file

September 20, 2016, 12:52 pm: Some error while includingchinese language file

September 20, 2016, 12:52 pm: Incorrect Query :  SELECT DISTINCT username,userid
                      FROM techofficeuser_info
                      WHERE userid=?
                      LIMIT 1 
 session id:  1
 PDO error: Array
(
    [0] => 00000
    [1] => 
    [2] => 
)


September 20, 2016, 12:52 pm: Some error while includingchinese language file

September 20, 2016, 12:52 pm: Some error while includingchinese language file

September 20, 2016, 12:52 pm: Some error while includingchinese language file

September 20, 2016, 12:52 pm: Incorrect Query :  SELECT DISTINCT username,userid
                      FROM techofficeuser_info
                      WHERE userid=?
                      LIMIT 1 
 session id:  1
 PDO error: Array
(
    [0] => 00000
    [1] => 
    [2] => 
)


September 20, 2016, 12:52 pm: Some error while includingchinese language file

September 20, 2016, 12:52 pm: Some error while includingchinese language file

September 20, 2016, 12:52 pm: Some error while includingchinese language file

September 20, 2016, 12:52 pm: Incorrect Query :  SELECT DISTINCT username,userid
                      FROM techofficeuser_info
                      WHERE userid=?
                      LIMIT 1 
 session id:  1
 PDO error: Array
(
    [0] => 00000
    [1] => 
    [2] => 
)


September 20, 2016, 12:52 pm: Some error while includingchinese language file

September 20, 2016, 12:52 pm: Some error while includingchinese language file

September 20, 2016, 12:52 pm: Some error while includingchinese language file

September 20, 2016, 12:52 pm: Incorrect Query :  SELECT DISTINCT username,userid
                      FROM techofficeuser_info
                      WHERE userid=?
                      LIMIT 1 
 session id:  1
 PDO error: Array
(
    [0] => 00000
    [1] => 
    [2] => 
)


September 20, 2016, 12:52 pm: Some error while includingchinese language file

September 20, 2016, 12:52 pm: Some error while includingchinese language file

September 20, 2016, 12:53 pm: Some error while includingchinese language file

September 20, 2016, 12:53 pm: Incorrect Query :  SELECT DISTINCT username,userid
                      FROM techofficeuser_info
                      WHERE userid=?
                      LIMIT 1 
 session id:  1
 PDO error: Array
(
    [0] => 00000
    [1] => 
    [2] => 
)


September 20, 2016, 12:53 pm: Some error while includingchinese language file

September 20, 2016, 12:53 pm: Some error while includingchinese language file

September 20, 2016, 12:53 pm: Some error while includingchinese language file

September 20, 2016, 12:53 pm: Incorrect Query :  SELECT DISTINCT username,userid
                      FROM techofficeuser_info
                      WHERE userid=?
                      LIMIT 1 
 session id:  1
 PDO error: Array
(
    [0] => 00000
    [1] => 
    [2] => 
)


September 20, 2016, 12:53 pm: Some error while includingchinese language file

September 20, 2016, 12:53 pm: Some error while includingchinese language file

September 20, 2016, 12:53 pm: Some error while includingchinese language file

September 20, 2016, 12:53 pm: Incorrect Query :  SELECT DISTINCT username,userid
                      FROM techofficeuser_info
                      WHERE userid=?
                      LIMIT 1 
 session id:  1
 PDO error: Array
(
    [0] => 00000
    [1] => 
    [2] => 
)


September 20, 2016, 12:53 pm: Some error while includingchinese language file

September 20, 2016, 12:53 pm: Some error while includingchinese language file

September 20, 2016, 12:53 pm: Some error while includingchinese language file

September 20, 2016, 12:53 pm: Incorrect Query :  SELECT DISTINCT username,userid
                      FROM techofficeuser_info
                      WHERE userid=?
                      LIMIT 1 
 session id:  1
 PDO error: Array
(
    [0] => 00000
    [1] => 
    [2] => 
)


September 20, 2016, 12:53 pm: Some error while includingchinese language file

September 20, 2016, 12:53 pm: Some error while includingchinese language file

September 20, 2016, 12:54 pm: Some error while includingchinese language file

September 20, 2016, 12:54 pm: Incorrect Query :  SELECT DISTINCT username,userid
                      FROM techofficeuser_info
                      WHERE userid=?
                      LIMIT 1 
 session id:  1
 PDO error: Array
(
    [0] => 00000
    [1] => 
    [2] => 
)


September 20, 2016, 12:54 pm: Some error while includingchinese language file

September 20, 2016, 12:54 pm: Some error while includingchinese language file

September 20, 2016, 12:54 pm: Some error while includingchinese language file

September 20, 2016, 12:54 pm: Incorrect Query :  SELECT DISTINCT username,userid
                      FROM techofficeuser_info
                      WHERE userid=?
                      LIMIT 1 
 session id:  1
 PDO error: Array
(
    [0] => 00000
    [1] => 
    [2] => 
)


September 20, 2016, 12:54 pm: Some error while includingchinese language file

September 20, 2016, 12:54 pm: Some error while includingchinese language file

September 20, 2016, 12:54 pm: Some error while includingchinese language file

September 20, 2016, 12:54 pm: Incorrect Query :  SELECT DISTINCT username,userid
                      FROM techofficeuser_info
                      WHERE userid=?
                      LIMIT 1 
 session id:  1
 PDO error: Array
(
    [0] => 00000
    [1] => 
    [2] => 
)


September 20, 2016, 12:54 pm: Some error while includingchinese language file

September 20, 2016, 12:54 pm: Some error while includingchinese language file

September 20, 2016, 12:54 pm: Some error while includingchinese language file

September 20, 2016, 12:54 pm: Incorrect Query :  SELECT DISTINCT username,userid
                      FROM techofficeuser_info
                      WHERE userid=?
                      LIMIT 1 
 session id:  1
 PDO error: Array
(
    [0] => 00000
    [1] => 
    [2] => 
)


September 20, 2016, 12:54 pm: Some error while includingchinese language file

September 20, 2016, 12:54 pm: Some error while includingchinese language file

September 20, 2016, 12:55 pm: Some error while includingchinese language file

September 20, 2016, 12:55 pm: Incorrect Query :  SELECT DISTINCT username,userid
                      FROM techofficeuser_info
                      WHERE userid=?
                      LIMIT 1 
 session id:  1
 PDO error: Array
(
    [0] => 00000
    [1] => 
    [2] => 
)


September 20, 2016, 12:55 pm: Some error while includingchinese language file

September 20, 2016, 12:55 pm: Some error while includingchinese language file

September 20, 2016, 12:55 pm: Some error while includingchinese language file

September 20, 2016, 12:55 pm: Incorrect Query :  SELECT DISTINCT username,userid
                      FROM techofficeuser_info
                      WHERE userid=?
                      LIMIT 1 
 session id:  1
 PDO error: Array
(
    [0] => 00000
    [1] => 
    [2] => 
)


September 20, 2016, 12:55 pm: Some error while includingchinese language file

September 20, 2016, 12:55 pm: Some error while includingchinese language file

September 20, 2016, 12:55 pm: Some error while includingchinese language file

September 20, 2016, 12:55 pm: Incorrect Query :  SELECT DISTINCT username,userid
                      FROM techofficeuser_info
                      WHERE userid=?
                      LIMIT 1 
 session id:  1
 PDO error: Array
(
    [0] => 00000
    [1] => 
    [2] => 
)


September 20, 2016, 12:55 pm: Some error while includingchinese language file

September 20, 2016, 12:55 pm: Some error while includingchinese language file

September 20, 2016, 12:55 pm: Some error while includingchinese language file

September 20, 2016, 12:55 pm: Incorrect Query :  SELECT DISTINCT username,userid
                      FROM techofficeuser_info
                      WHERE userid=?
                      LIMIT 1 
 session id:  1
 PDO error: Array
(
    [0] => 00000
    [1] => 
    [2] => 
)


September 20, 2016, 12:55 pm: Some error while includingchinese language file

September 20, 2016, 12:55 pm: Some error while includingchinese language file

September 20, 2016, 12:56 pm: Some error while includingchinese language file

September 20, 2016, 12:56 pm: Incorrect Query :  SELECT DISTINCT username,userid
                      FROM techofficeuser_info
                      WHERE userid=?
                      LIMIT 1 
 session id:  1
 PDO error: Array
(
    [0] => 00000
    [1] => 
    [2] => 
)


September 20, 2016, 12:56 pm: Some error while includingchinese language file

September 20, 2016, 12:56 pm: Some error while includingchinese language file

September 20, 2016, 12:56 pm: Some error while includingchinese language file

September 20, 2016, 12:56 pm: Incorrect Query :  SELECT DISTINCT username,userid
                      FROM techofficeuser_info
                      WHERE userid=?
                      LIMIT 1 
 session id:  1
 PDO error: Array
(
    [0] => 00000
    [1] => 
    [2] => 
)


September 20, 2016, 12:56 pm: Some error while includingchinese language file

September 20, 2016, 12:56 pm: Some error while includingchinese language file

September 20, 2016, 12:56 pm: Some error while includingchinese language file

September 20, 2016, 12:56 pm: Incorrect Query :  SELECT DISTINCT username,userid
                      FROM techofficeuser_info
                      WHERE userid=?
                      LIMIT 1 
 session id:  1
 PDO error: Array
(
    [0] => 00000
    [1] => 
    [2] => 
)


September 20, 2016, 12:56 pm: Some error while includingchinese language file

September 20, 2016, 12:56 pm: Some error while includingchinese language file

September 20, 2016, 12:56 pm: Some error while includingchinese language file

September 20, 2016, 12:56 pm: Incorrect Query :  SELECT DISTINCT username,userid
                      FROM techofficeuser_info
                      WHERE userid=?
                      LIMIT 1 
 session id:  1
 PDO error: Array
(
    [0] => 00000
    [1] => 
    [2] => 
)


September 20, 2016, 12:56 pm: Some error while includingchinese language file

September 20, 2016, 12:56 pm: Some error while includingchinese language file

September 20, 2016, 12:57 pm: Some error while includingchinese language file

September 20, 2016, 12:57 pm: Incorrect Query :  SELECT DISTINCT username,userid
                      FROM techofficeuser_info
                      WHERE userid=?
                      LIMIT 1 
 session id:  1
 PDO error: Array
(
    [0] => 00000
    [1] => 
    [2] => 
)


September 20, 2016, 12:57 pm: Some error while includingchinese language file

September 20, 2016, 12:57 pm: Some error while includingchinese language file

September 20, 2016, 12:57 pm: Some error while includingchinese language file

September 20, 2016, 12:57 pm: Incorrect Query :  SELECT DISTINCT username,userid
                      FROM techofficeuser_info
                      WHERE userid=?
                      LIMIT 1 
 session id:  1
 PDO error: Array
(
    [0] => 00000
    [1] => 
    [2] => 
)


September 20, 2016, 12:57 pm: Some error while includingchinese language file

September 20, 2016, 12:57 pm: Some error while includingchinese language file

September 20, 2016, 12:57 pm: Some error while includingchinese language file

September 20, 2016, 12:57 pm: Incorrect Query :  SELECT DISTINCT username,userid
                      FROM techofficeuser_info
                      WHERE userid=?
                      LIMIT 1 
 session id:  1
 PDO error: Array
(
    [0] => 00000
    [1] => 
    [2] => 
)


September 20, 2016, 12:57 pm: Some error while includingchinese language file

September 20, 2016, 12:57 pm: Some error while includingchinese language file

September 20, 2016, 12:57 pm: Some error while includingchinese language file

September 20, 2016, 12:57 pm: Incorrect Query :  SELECT DISTINCT username,userid
                      FROM techofficeuser_info
                      WHERE userid=?
                      LIMIT 1 
 session id:  1
 PDO error: Array
(
    [0] => 00000
    [1] => 
    [2] => 
)


September 20, 2016, 12:57 pm: Some error while includingchinese language file

September 20, 2016, 12:57 pm: Some error while includingchinese language file

September 20, 2016, 12:58 pm: Some error while includingchinese language file

September 20, 2016, 12:58 pm: Incorrect Query :  SELECT DISTINCT username,userid
                      FROM techofficeuser_info
                      WHERE userid=?
                      LIMIT 1 
 session id:  1
 PDO error: Array
(
    [0] => 00000
    [1] => 
    [2] => 
)


September 20, 2016, 12:58 pm: Some error while includingchinese language file

September 20, 2016, 12:58 pm: Some error while includingchinese language file

September 20, 2016, 12:58 pm: Some error while includingchinese language file

September 20, 2016, 12:58 pm: Incorrect Query :  SELECT DISTINCT username,userid
                      FROM techofficeuser_info
                      WHERE userid=?
                      LIMIT 1 
 session id:  1
 PDO error: Array
(
    [0] => 00000
    [1] => 
    [2] => 
)


September 20, 2016, 12:58 pm: Some error while includingchinese language file

September 20, 2016, 12:58 pm: Some error while includingchinese language file

September 20, 2016, 12:58 pm: Some error while includingchinese language file

September 20, 2016, 12:58 pm: Incorrect Query :  SELECT DISTINCT username,userid
                      FROM techofficeuser_info
                      WHERE userid=?
                      LIMIT 1 
 session id:  1
 PDO error: Array
(
    [0] => 00000
    [1] => 
    [2] => 
)


September 20, 2016, 12:58 pm: Some error while includingchinese language file

September 20, 2016, 12:58 pm: Some error while includingchinese language file

September 20, 2016, 12:58 pm: Some error while includingchinese language file

September 20, 2016, 12:58 pm: Incorrect Query :  SELECT DISTINCT username,userid
                      FROM techofficeuser_info
                      WHERE userid=?
                      LIMIT 1 
 session id:  1
 PDO error: Array
(
    [0] => 00000
    [1] => 
    [2] => 
)


September 20, 2016, 12:58 pm: Some error while includingchinese language file

September 20, 2016, 12:58 pm: Some error while includingchinese language file

September 20, 2016, 12:59 pm: Some error while includingchinese language file

September 20, 2016, 12:59 pm: Incorrect Query :  SELECT DISTINCT username,userid
                      FROM techofficeuser_info
                      WHERE userid=?
                      LIMIT 1 
 session id:  1
 PDO error: Array
(
    [0] => 00000
    [1] => 
    [2] => 
)


September 20, 2016, 12:59 pm: Some error while includingchinese language file

September 20, 2016, 12:59 pm: Some error while includingchinese language file

September 20, 2016, 12:59 pm: Some error while includingchinese language file

September 20, 2016, 12:59 pm: Incorrect Query :  SELECT DISTINCT username,userid
                      FROM techofficeuser_info
                      WHERE userid=?
                      LIMIT 1 
 session id:  1
 PDO error: Array
(
    [0] => 00000
    [1] => 
    [2] => 
)


September 20, 2016, 12:59 pm: Some error while includingchinese language file

September 20, 2016, 12:59 pm: Some error while includingchinese language file

September 20, 2016, 12:59 pm: Some error while includingchinese language file

September 20, 2016, 12:59 pm: Incorrect Query :  SELECT DISTINCT username,userid
                      FROM techofficeuser_info
                      WHERE userid=?
                      LIMIT 1 
 session id:  1
 PDO error: Array
(
    [0] => 00000
    [1] => 
    [2] => 
)


September 20, 2016, 12:59 pm: Some error while includingchinese language file

September 20, 2016, 12:59 pm: Some error while includingchinese language file

September 20, 2016, 12:59 pm: Some error while includingchinese language file

September 20, 2016, 12:59 pm: Incorrect Query :  SELECT DISTINCT username,userid
                      FROM techofficeuser_info
                      WHERE userid=?
                      LIMIT 1 
 session id:  1
 PDO error: Array
(
    [0] => 00000
    [1] => 
    [2] => 
)


September 20, 2016, 12:59 pm: Some error while includingchinese language file

September 20, 2016, 12:59 pm: Some error while includingchinese language file

September 20, 2016, 1:00 pm: Some error while includingchinese language file

September 20, 2016, 1:00 pm: Incorrect Query :  SELECT DISTINCT username,userid
                      FROM techofficeuser_info
                      WHERE userid=?
                      LIMIT 1 
 session id:  1
 PDO error: Array
(
    [0] => 00000
    [1] => 
    [2] => 
)


September 20, 2016, 1:00 pm: Some error while includingchinese language file

September 20, 2016, 1:00 pm: Some error while includingchinese language file

September 20, 2016, 1:00 pm: Some error while includingchinese language file

September 20, 2016, 1:00 pm: Incorrect Query :  SELECT DISTINCT username,userid
                      FROM techofficeuser_info
                      WHERE userid=?
                      LIMIT 1 
 session id:  1
 PDO error: Array
(
    [0] => 00000
    [1] => 
    [2] => 
)


September 20, 2016, 1:00 pm: Some error while includingchinese language file

September 20, 2016, 1:00 pm: Some error while includingchinese language file

September 20, 2016, 1:00 pm: Some error while includingchinese language file

September 20, 2016, 1:00 pm: Incorrect Query :  SELECT DISTINCT username,userid
                      FROM techofficeuser_info
                      WHERE userid=?
                      LIMIT 1 
 session id:  1
 PDO error: Array
(
    [0] => 00000
    [1] => 
    [2] => 
)


September 20, 2016, 1:00 pm: Some error while includingchinese language file

September 20, 2016, 1:00 pm: Some error while includingchinese language file

September 20, 2016, 1:00 pm: Some error while includingchinese language file

September 20, 2016, 1:00 pm: Incorrect Query :  SELECT DISTINCT username,userid
                      FROM techofficeuser_info
                      WHERE userid=?
                      LIMIT 1 
 session id:  1
 PDO error: Array
(
    [0] => 00000
    [1] => 
    [2] => 
)


September 20, 2016, 1:00 pm: Some error while includingchinese language file

September 20, 2016, 1:00 pm: Some error while includingchinese language file

September 20, 2016, 1:01 pm: Some error while includingchinese language file

September 20, 2016, 1:01 pm: Incorrect Query :  SELECT DISTINCT username,userid
                      FROM techofficeuser_info
                      WHERE userid=?
                      LIMIT 1 
 session id:  1
 PDO error: Array
(
    [0] => 00000
    [1] => 
    [2] => 
)


September 20, 2016, 1:01 pm: Some error while includingchinese language file

September 20, 2016, 1:01 pm: Some error while includingchinese language file

September 20, 2016, 1:01 pm: Some error while includingchinese language file

September 20, 2016, 1:01 pm: Incorrect Query :  SELECT DISTINCT username,userid
                      FROM techofficeuser_info
                      WHERE userid=?
                      LIMIT 1 
 session id:  1
 PDO error: Array
(
    [0] => 00000
    [1] => 
    [2] => 
)


September 20, 2016, 1:01 pm: Some error while includingchinese language file

September 20, 2016, 1:01 pm: Some error while includingchinese language file

September 20, 2016, 1:01 pm: Some error while includingchinese language file

September 20, 2016, 1:01 pm: Incorrect Query :  SELECT DISTINCT username,userid
                      FROM techofficeuser_info
                      WHERE userid=?
                      LIMIT 1 
 session id:  1
 PDO error: Array
(
    [0] => 00000
    [1] => 
    [2] => 
)


September 20, 2016, 1:01 pm: Some error while includingchinese language file

September 20, 2016, 1:01 pm: Some error while includingchinese language file

September 20, 2016, 1:01 pm: Some error while includingchinese language file

September 20, 2016, 1:01 pm: Incorrect Query :  SELECT DISTINCT username,userid
                      FROM techofficeuser_info
                      WHERE userid=?
                      LIMIT 1 
 session id:  1
 PDO error: Array
(
    [0] => 00000
    [1] => 
    [2] => 
)


September 20, 2016, 1:01 pm: Some error while includingchinese language file

September 20, 2016, 1:01 pm: Some error while includingchinese language file

September 20, 2016, 1:02 pm: Some error while includingchinese language file

September 20, 2016, 1:02 pm: Incorrect Query :  SELECT DISTINCT username,userid
                      FROM techofficeuser_info
                      WHERE userid=?
                      LIMIT 1 
 session id:  1
 PDO error: Array
(
    [0] => 00000
    [1] => 
    [2] => 
)


September 20, 2016, 1:02 pm: Some error while includingchinese language file

September 20, 2016, 1:02 pm: Some error while includingchinese language file

September 20, 2016, 1:02 pm: Some error while includingchinese language file

September 20, 2016, 1:02 pm: Incorrect Query :  SELECT DISTINCT username,userid
                      FROM techofficeuser_info
                      WHERE userid=?
                      LIMIT 1 
 session id:  1
 PDO error: Array
(
    [0] => 00000
    [1] => 
    [2] => 
)


September 20, 2016, 1:02 pm: Some error while includingchinese language file

September 20, 2016, 1:02 pm: Some error while includingchinese language file

September 20, 2016, 1:02 pm: Some error while includingchinese language file

September 20, 2016, 1:02 pm: Incorrect Query :  SELECT DISTINCT username,userid
                      FROM techofficeuser_info
                      WHERE userid=?
                      LIMIT 1 
 session id:  1
 PDO error: Array
(
    [0] => 00000
    [1] => 
    [2] => 
)


September 20, 2016, 1:02 pm: Some error while includingchinese language file

September 20, 2016, 1:02 pm: Some error while includingchinese language file

September 20, 2016, 1:02 pm: Some error while includingchinese language file

September 20, 2016, 1:02 pm: Incorrect Query :  SELECT DISTINCT username,userid
                      FROM techofficeuser_info
                      WHERE userid=?
                      LIMIT 1 
 session id:  1
 PDO error: Array
(
    [0] => 00000
    [1] => 
    [2] => 
)


September 20, 2016, 10:33 pm: Some error while includingchinese language file

September 20, 2016, 10:33 pm: main.php  loaded

September 20, 2016, 10:33 pm: Inserted the user with the following data :: Username = Guest-1sv7 And ID = 1474651118 Default status  = I am available

September 20, 2016, 10:33 pm: Some error while includingchinese language file

September 20, 2016, 10:33 pm: main.php  loaded

September 20, 2016, 10:33 pm: Some error while includingchinese language file

September 20, 2016, 10:33 pm: Some error while includingchinese language file

September 20, 2016, 10:33 pm: Incorrect Query :  SELECT DISTINCT username,userid
                      FROM techofficeuser_info
                      WHERE userid=?
                      LIMIT 1 
 session id:  1
 PDO error: Array
(
    [0] => 00000
    [1] => 
    [2] => 
)


September 20, 2016, 10:33 pm: Some error while includingchinese language file

September 20, 2016, 10:33 pm: Some error while includingchinese language file

September 20, 2016, 10:35 pm: Some error while includingchinese language file

September 20, 2016, 10:35 pm: main.php  loaded

September 20, 2016, 10:35 pm: Incorrect Query :  SELECT DISTINCT username,userid
                      FROM techofficeuser_info
                      WHERE userid=?
                      LIMIT 1 
 session id:  1
 PDO error: Array
(
    [0] => 00000
    [1] => 
    [2] => 
)

